<?xml version="1.0" encoding="UTF-8"?>
<!-- Generated by org.testng.reporters.JUnitXMLReporter -->
<testsuite ignored="1" hostname="TGSI-CPU-14009" failures="0" tests="1" name="Surefire test" time="18.063" errors="0" timestamp="2025-07-17T14:31:33 GMT+08:00">
  <testcase classname="Part3.test.part4.frames.testFrames" name="testFramesSmallBox" time="2.608"/>
  <testcase classname="Part3.test.part4.frames.testFrames" name="testFramesBigBox" time="0.0">
    <ignored/>
  </testcase> <!-- testFramesBigBox -->
</testsuite> <!-- Surefire test -->
