<?xml version="1.0" encoding="UTF-8"?>
<!-- Generated by org.testng.reporters.JUnitXMLReporter -->
<testsuite ignored="1" hostname="TGSI-CPU-14009" failures="0" tests="1" name="Surefire test" time="33.606" errors="0" timestamp="2025-07-28T10:56:52 GMT+08:00">
  <testcase classname="Part3.test.part4.dynamic_wait.DynamicWaitTest" name="testProgressBar" time="10.604"/>
  <testcase classname="Part3.test.part4.dynamic_wait.DynamicWaitTest" name="testAfterButtonText" time="0.0">
    <ignored/>
  </testcase> <!-- testAfterButtonText -->
</testsuite> <!-- Surefire test -->
